Analysis & Synthesis report for Contador
Wed Mar 12 08:37:17 2025
Quartus Prime Version 23.1std.0 Build 991 11/28/2023 SC Lite Edition


---------------------
; Table of Contents ;
---------------------
  1. Legal Notice
  2. Analysis & Synthesis Summary
  3. Analysis & Synthesis Settings
  4. Parallel Compilation
  5. Analysis & Synthesis Source Files Read
  6. Analysis & Synthesis Resource Usage Summary
  7. Analysis & Synthesis Resource Utilization by Entity
  8. General Register Statistics
  9. Parameter Settings for User Entity Instance: debouncer:debouncer_rst
 10. Parameter Settings for User Entity Instance: debouncer:debouncer_rst|counter_debouncer:CONTADOR_PARA_RATE
 11. Parameter Settings for User Entity Instance: clkdiv:clkdiv_inst
 12. Parameter Settings for User Entity Instance: BCD:display_inst
 13. Port Connectivity Checks: "contador:contador_inst"
 14. Port Connectivity Checks: "debouncer:debouncer_rst|counter_debouncer:CONTADOR_PARA_RATE"
 15. Port Connectivity Checks: "debouncer:debouncer_rst"
 16. Post-Synthesis Netlist Statistics for Top Partition
 17. Elapsed Time Per Partition
 18. Analysis & Synthesis Messages



----------------
; Legal Notice ;
----------------
Copyright (C) 2023  Intel Corporation. All rights reserved.
Your use of Intel Corporation's design tools, logic functions 
and other software and tools, and any partner logic 
functions, and any output files from any of the foregoing 
(including device programming or simulation files), and any 
associated documentation or information are expressly subject 
to the terms and conditions of the Intel Program License 
Subscription Agreement, the Intel Quartus Prime License Agreement,
the Intel FPGA IP License Agreement, or other applicable license
agreement, including, without limitation, that your use is for
the sole purpose of programming logic devices manufactured by
Intel and sold by Intel or its authorized distributors.  Please
refer to the applicable agreement for further details, at
https://fpgasoftware.intel.com/eula.



+-------------------------------------------------------------------------------------+
; Analysis & Synthesis Summary                                                        ;
+------------------------------------+------------------------------------------------+
; Analysis & Synthesis Status        ; Successful - Wed Mar 12 08:37:16 2025          ;
; Quartus Prime Version              ; 23.1std.0 Build 991 11/28/2023 SC Lite Edition ;
; Revision Name                      ; Contador                                       ;
; Top-level Entity Name              ; top_contador                                   ;
; Family                             ; MAX 10                                         ;
; Total logic elements               ; 89                                             ;
;     Total combinational functions  ; 89                                             ;
;     Dedicated logic registers      ; 52                                             ;
; Total registers                    ; 52                                             ;
; Total pins                         ; 16                                             ;
; Total virtual pins                 ; 0                                              ;
; Total memory bits                  ; 0                                              ;
; Embedded Multiplier 9-bit elements ; 0                                              ;
; Total PLLs                         ; 0                                              ;
; UFM blocks                         ; 0                                              ;
; ADC blocks                         ; 0                                              ;
+------------------------------------+------------------------------------------------+


+------------------------------------------------------------------------------------------------------------+
; Analysis & Synthesis Settings                                                                              ;
+------------------------------------------------------------------+--------------------+--------------------+
; Option                                                           ; Setting            ; Default Value      ;
+------------------------------------------------------------------+--------------------+--------------------+
; Device                                                           ; 10M50DAF484C7G     ;                    ;
; Top-level entity name                                            ; top_contador       ; Contador           ;
; Family name                                                      ; MAX 10             ; Cyclone V          ;
; Use smart compilation                                            ; Off                ; Off                ;
; Enable parallel Assembler and Timing Analyzer during compilation ; On                 ; On                 ;
; Enable compact report table                                      ; Off                ; Off                ;
; Restructure Multiplexers                                         ; Auto               ; Auto               ;
; Create Debugging Nodes for IP Cores                              ; Off                ; Off                ;
; Preserve fewer node names                                        ; On                 ; On                 ;
; Intel FPGA IP Evaluation Mode                                    ; Enable             ; Enable             ;
; Verilog Version                                                  ; Verilog_2001       ; Verilog_2001       ;
; VHDL Version                                                     ; VHDL_1993          ; VHDL_1993          ;
; State Machine Processing                                         ; Auto               ; Auto               ;
; Safe State Machine                                               ; Off                ; Off                ;
; Extract Verilog State Machines                                   ; On                 ; On                 ;
; Extract VHDL State Machines                                      ; On                 ; On                 ;
; Ignore Verilog initial constructs                                ; Off                ; Off                ;
; Iteration limit for constant Verilog loops                       ; 5000               ; 5000               ;
; Iteration limit for non-constant Verilog loops                   ; 250                ; 250                ;
; Add Pass-Through Logic to Inferred RAMs                          ; On                 ; On                 ;
; Infer RAMs from Raw Logic                                        ; On                 ; On                 ;
; Parallel Synthesis                                               ; On                 ; On                 ;
; DSP Block Balancing                                              ; Auto               ; Auto               ;
; NOT Gate Push-Back                                               ; On                 ; On                 ;
; Power-Up Don't Care                                              ; On                 ; On                 ;
; Remove Redundant Logic Cells                                     ; Off                ; Off                ;
; Remove Duplicate Registers                                       ; On                 ; On                 ;
; Ignore CARRY Buffers                                             ; Off                ; Off                ;
; Ignore CASCADE Buffers                                           ; Off                ; Off                ;
; Ignore GLOBAL Buffers                                            ; Off                ; Off                ;
; Ignore ROW GLOBAL Buffers                                        ; Off                ; Off                ;
; Ignore LCELL Buffers                                             ; Off                ; Off                ;
; Ignore SOFT Buffers                                              ; On                 ; On                 ;
; Limit AHDL Integers to 32 Bits                                   ; Off                ; Off                ;
; Optimization Technique                                           ; Balanced           ; Balanced           ;
; Carry Chain Length                                               ; 70                 ; 70                 ;
; Auto Carry Chains                                                ; On                 ; On                 ;
; Auto Open-Drain Pins                                             ; On                 ; On                 ;
; Perform WYSIWYG Primitive Resynthesis                            ; Off                ; Off                ;
; Auto ROM Replacement                                             ; On                 ; On                 ;
; Auto RAM Replacement                                             ; On                 ; On                 ;
; Auto DSP Block Replacement                                       ; On                 ; On                 ;
; Auto Shift Register Replacement                                  ; Auto               ; Auto               ;
; Allow Shift Register Merging across Hierarchies                  ; Auto               ; Auto               ;
; Auto Clock Enable Replacement                                    ; On                 ; On                 ;
; Strict RAM Replacement                                           ; Off                ; Off                ;
; Allow Synchronous Control Signals                                ; On                 ; On                 ;
; Force Use of Synchronous Clear Signals                           ; Off                ; Off                ;
; Auto RAM Block Balancing                                         ; On                 ; On                 ;
; Auto RAM to Logic Cell Conversion                                ; Off                ; Off                ;
; Auto Resource Sharing                                            ; Off                ; Off                ;
; Allow Any RAM Size For Recognition                               ; Off                ; Off                ;
; Allow Any ROM Size For Recognition                               ; Off                ; Off                ;
; Allow Any Shift Register Size For Recognition                    ; Off                ; Off                ;
; Use LogicLock Constraints during Resource Balancing              ; On                 ; On                 ;
; Ignore translate_off and synthesis_off directives                ; Off                ; Off                ;
; Timing-Driven Synthesis                                          ; On                 ; On                 ;
; Report Parameter Settings                                        ; On                 ; On                 ;
; Report Source Assignments                                        ; On                 ; On                 ;
; Report Connectivity Checks                                       ; On                 ; On                 ;
; Ignore Maximum Fan-Out Assignments                               ; Off                ; Off                ;
; Synchronization Register Chain Length                            ; 2                  ; 2                  ;
; Power Optimization During Synthesis                              ; Normal compilation ; Normal compilation ;
; HDL message level                                                ; Level2             ; Level2             ;
; Suppress Register Optimization Related Messages                  ; Off                ; Off                ;
; Number of Removed Registers Reported in Synthesis Report         ; 5000               ; 5000               ;
; Number of Swept Nodes Reported in Synthesis Report               ; 5000               ; 5000               ;
; Number of Inverted Registers Reported in Synthesis Report        ; 100                ; 100                ;
; Clock MUX Protection                                             ; On                 ; On                 ;
; Auto Gated Clock Conversion                                      ; Off                ; Off                ;
; Block Design Naming                                              ; Auto               ; Auto               ;
; SDC constraint protection                                        ; Off                ; Off                ;
; Synthesis Effort                                                 ; Auto               ; Auto               ;
; Shift Register Replacement - Allow Asynchronous Clear Signal     ; On                 ; On                 ;
; Pre-Mapping Resynthesis Optimization                             ; Off                ; Off                ;
; Analysis & Synthesis Message Level                               ; Medium             ; Medium             ;
; Disable Register Merging Across Hierarchies                      ; Auto               ; Auto               ;
; Resource Aware Inference For Block RAM                           ; On                 ; On                 ;
+------------------------------------------------------------------+--------------------+--------------------+


+------------------------------------------+
; Parallel Compilation                     ;
+----------------------------+-------------+
; Processors                 ; Number      ;
+----------------------------+-------------+
; Number detected on machine ; 12          ;
; Maximum allowed            ; 6           ;
;                            ;             ;
; Average used               ; 1.00        ;
; Maximum used               ; 6           ;
;                            ;             ;
; Usage by Processor         ; % Time Used ;
;     Processor 1            ; 100.0%      ;
;     Processors 2-6         ;   0.0%      ;
+----------------------------+-------------+


+--------------------------------------------------------------------------------------------------------------------------------------------------------+
; Analysis & Synthesis Source Files Read                                                                                                                 ;
+----------------------------------+-----------------+------------------------+----------------------------------------------------------------+---------+
; File Name with User-Entered Path ; Used in Netlist ; File Type              ; File Name with Absolute Path                                   ; Library ;
+----------------------------------+-----------------+------------------------+----------------------------------------------------------------+---------+
; decoder.v                        ; yes             ; User Verilog HDL File  ; C:/Users/gaelm/Desktop/Contador/decoder.v                      ;         ;
; debouncer.v                      ; yes             ; User Verilog HDL File  ; C:/Users/gaelm/Desktop/Contador/debouncer.v                    ;         ;
; counter_debouncer.v              ; yes             ; User Verilog HDL File  ; C:/Users/gaelm/Desktop/Contador/counter_debouncer.v            ;         ;
; contador.v                       ; yes             ; User Verilog HDL File  ; C:/Users/gaelm/Desktop/Contador/contador.v                     ;         ;
; BCD.v                            ; yes             ; User Verilog HDL File  ; C:/Users/gaelm/Desktop/Contador/BCD.v                          ;         ;
; clkdiv.v                         ; yes             ; User Verilog HDL File  ; C:/Users/gaelm/Desktop/Contador/clkdiv.v                       ;         ;
; top_contador.v                   ; yes             ; User Verilog HDL File  ; C:/Users/gaelm/Desktop/Contador/top_contador.v                 ;         ;
; output_files/contador_manual.v   ; yes             ; User Verilog HDL File  ; C:/Users/gaelm/Desktop/Contador/output_files/contador_manual.v ;         ;
+----------------------------------+-----------------+------------------------+----------------------------------------------------------------+---------+


+---------------------------------------------------------+
; Analysis & Synthesis Resource Usage Summary             ;
+---------------------------------------------+-----------+
; Resource                                    ; Usage     ;
+---------------------------------------------+-----------+
; Estimated Total logic elements              ; 89        ;
;                                             ;           ;
; Total combinational functions               ; 89        ;
; Logic element usage by number of LUT inputs ;           ;
;     -- 4 input functions                    ; 25        ;
;     -- 3 input functions                    ; 16        ;
;     -- <=2 input functions                  ; 48        ;
;                                             ;           ;
; Logic elements by mode                      ;           ;
;     -- normal mode                          ; 43        ;
;     -- arithmetic mode                      ; 46        ;
;                                             ;           ;
; Total registers                             ; 52        ;
;     -- Dedicated logic registers            ; 52        ;
;     -- I/O registers                        ; 0         ;
;                                             ;           ;
; I/O pins                                    ; 16        ;
;                                             ;           ;
; Embedded Multiplier 9-bit elements          ; 0         ;
;                                             ;           ;
; Maximum fan-out node                        ; clk~input ;
; Maximum fan-out                             ; 48        ;
; Total fan-out                               ; 422       ;
; Average fan-out                             ; 2.44      ;
+---------------------------------------------+-----------+


+-------------------------------------------------------------------------------------------------------------------------------------------------------------------------------------------------------------------------------------------------------------------------------------------------------------------+
; Analysis & Synthesis Resource Utilization by Entity                                                                                                                                                                                                                                                               ;
+----------------------------------------------+---------------------+---------------------------+-------------+------------+--------------+---------+-----------+------+--------------+------------+----------------------------------------------------------------------------+-------------------+--------------+
; Compilation Hierarchy Node                   ; Combinational ALUTs ; Dedicated Logic Registers ; Memory Bits ; UFM Blocks ; DSP Elements ; DSP 9x9 ; DSP 18x18 ; Pins ; Virtual Pins ; ADC blocks ; Full Hierarchy Name                                                        ; Entity Name       ; Library Name ;
+----------------------------------------------+---------------------+---------------------------+-------------+------------+--------------+---------+-----------+------+--------------+------------+----------------------------------------------------------------------------+-------------------+--------------+
; |top_contador                                ; 89 (4)              ; 52 (0)                    ; 0           ; 0          ; 0            ; 0       ; 0         ; 16   ; 0            ; 0          ; |top_contador                                                              ; top_contador      ; work         ;
;    |BCD:display_inst|                        ; 7 (0)               ; 0 (0)                     ; 0           ; 0          ; 0            ; 0       ; 0         ; 0    ; 0            ; 0          ; |top_contador|BCD:display_inst                                             ; BCD               ; work         ;
;       |decoder:DISPLAY1|                     ; 7 (7)               ; 0 (0)                     ; 0           ; 0          ; 0            ; 0       ; 0         ; 0    ; 0            ; 0          ; |top_contador|BCD:display_inst|decoder:DISPLAY1                            ; decoder           ; work         ;
;    |clkdiv:clkdiv_inst|                      ; 55 (55)             ; 33 (33)                   ; 0           ; 0          ; 0            ; 0       ; 0         ; 0    ; 0            ; 0          ; |top_contador|clkdiv:clkdiv_inst                                           ; clkdiv            ; work         ;
;    |contador:contador_inst|                  ; 5 (5)               ; 4 (4)                     ; 0           ; 0          ; 0            ; 0       ; 0         ; 0    ; 0            ; 0          ; |top_contador|contador:contador_inst                                       ; contador          ; work         ;
;    |debouncer:debouncer_rst|                 ; 18 (1)              ; 15 (1)                    ; 0           ; 0          ; 0            ; 0       ; 0         ; 0    ; 0            ; 0          ; |top_contador|debouncer:debouncer_rst                                      ; debouncer         ; work         ;
;       |counter_debouncer:CONTADOR_PARA_RATE| ; 17 (17)             ; 14 (14)                   ; 0           ; 0          ; 0            ; 0       ; 0         ; 0    ; 0            ; 0          ; |top_contador|debouncer:debouncer_rst|counter_debouncer:CONTADOR_PARA_RATE ; counter_debouncer ; work         ;
+----------------------------------------------+---------------------+---------------------------+-------------+------------+--------------+---------+-----------+------+--------------+------------+----------------------------------------------------------------------------+-------------------+--------------+
Note: For table entries with two numbers listed, the numbers in parentheses indicate the number of resources of the given type used by the specific entity alone. The numbers listed outside of parentheses indicate the total resources of the given type used by the specific entity and all of its sub-entities in the hierarchy.


+------------------------------------------------------+
; General Register Statistics                          ;
+----------------------------------------------+-------+
; Statistic                                    ; Value ;
+----------------------------------------------+-------+
; Total registers                              ; 52    ;
; Number of registers using Synchronous Clear  ; 13    ;
; Number of registers using Synchronous Load   ; 0     ;
; Number of registers using Asynchronous Clear ; 37    ;
; Number of registers using Asynchronous Load  ; 0     ;
; Number of registers using Clock Enable       ; 3     ;
; Number of registers using Preset             ; 0     ;
+----------------------------------------------+-------+


+----------------------------------------------------------------------+
; Parameter Settings for User Entity Instance: debouncer:debouncer_rst ;
+----------------+-------+---------------------------------------------+
; Parameter Name ; Value ; Type                                        ;
+----------------+-------+---------------------------------------------+
; N_MAX          ; 5000  ; Signed Integer                              ;
+----------------+-------+---------------------------------------------+
Note: In order to hide this table in the UI and the text report file, please set the "Show Parameter Settings in Synthesis Report" option in "Analysis and Synthesis Settings -> More Settings" to "Off".


+-----------------------------------------------------------------------------------------------------------+
; Parameter Settings for User Entity Instance: debouncer:debouncer_rst|counter_debouncer:CONTADOR_PARA_RATE ;
+----------------+-------+----------------------------------------------------------------------------------+
; Parameter Name ; Value ; Type                                                                             ;
+----------------+-------+----------------------------------------------------------------------------------+
; N_MAX          ; 5000  ; Signed Integer                                                                   ;
+----------------+-------+----------------------------------------------------------------------------------+
Note: In order to hide this table in the UI and the text report file, please set the "Show Parameter Settings in Synthesis Report" option in "Analysis and Synthesis Settings -> More Settings" to "Off".


+-----------------------------------------------------------------+
; Parameter Settings for User Entity Instance: clkdiv:clkdiv_inst ;
+----------------+-------+----------------------------------------+
; Parameter Name ; Value ; Type                                   ;
+----------------+-------+----------------------------------------+
; FREQ           ; 1     ; Signed Integer                         ;
+----------------+-------+----------------------------------------+
Note: In order to hide this table in the UI and the text report file, please set the "Show Parameter Settings in Synthesis Report" option in "Analysis and Synthesis Settings -> More Settings" to "Off".


+---------------------------------------------------------------+
; Parameter Settings for User Entity Instance: BCD:display_inst ;
+----------------+-------+--------------------------------------+
; Parameter Name ; Value ; Type                                 ;
+----------------+-------+--------------------------------------+
; N              ; 4     ; Signed Integer                       ;
+----------------+-------+--------------------------------------+
Note: In order to hide this table in the UI and the text report file, please set the "Show Parameter Settings in Synthesis Report" option in "Analysis and Synthesis Settings -> More Settings" to "Off".


+----------------------------------------------------------------------------------------------------------------------------------------+
; Port Connectivity Checks: "contador:contador_inst"                                                                                     ;
+---------+--------+----------+----------------------------------------------------------------------------------------------------------+
; Port    ; Type   ; Severity ; Details                                                                                                  ;
+---------+--------+----------+----------------------------------------------------------------------------------------------------------+
; data_in ; Output ; Warning  ; Declared by entity but not connected by instance. Logic that only feeds a dangling port will be removed. ;
+---------+--------+----------+----------------------------------------------------------------------------------------------------------+


+-----------------------------------------------------------------------------------------------------------------------+
; Port Connectivity Checks: "debouncer:debouncer_rst|counter_debouncer:CONTADOR_PARA_RATE"                              ;
+-------------+--------+----------+-------------------------------------------------------------------------------------+
; Port        ; Type   ; Severity ; Details                                                                             ;
+-------------+--------+----------+-------------------------------------------------------------------------------------+
; counter_out ; Output ; Info     ; Connected to dangling logic. Logic that only feeds a dangling port will be removed. ;
+-------------+--------+----------+-------------------------------------------------------------------------------------+


+---------------------------------------------------------------------------------------------------------------------------------------------------------------------------+
; Port Connectivity Checks: "debouncer:debouncer_rst"                                                                                                                       ;
+---------+-------+----------+----------------------------------------------------------------------------------------------------------------------------------------------+
; Port    ; Type  ; Severity ; Details                                                                                                                                      ;
+---------+-------+----------+----------------------------------------------------------------------------------------------------------------------------------------------+
; rst_a_p ; Input ; Warning  ; Declared by entity but not connected by instance. If a default value exists, it will be used.  Otherwise, the port will be connected to GND. ;
+---------+-------+----------+----------------------------------------------------------------------------------------------------------------------------------------------+


+-----------------------------------------------------+
; Post-Synthesis Netlist Statistics for Top Partition ;
+-----------------------+-----------------------------+
; Type                  ; Count                       ;
+-----------------------+-----------------------------+
; boundary_port         ; 16                          ;
; cycloneiii_ff         ; 52                          ;
;     CLR               ; 34                          ;
;     ENA CLR           ; 3                           ;
;     SCLR              ; 13                          ;
;     plain             ; 2                           ;
; cycloneiii_lcell_comb ; 90                          ;
;     arith             ; 46                          ;
;         2 data inputs ; 44                          ;
;         3 data inputs ; 2                           ;
;     normal            ; 44                          ;
;         1 data inputs ; 3                           ;
;         2 data inputs ; 2                           ;
;         3 data inputs ; 14                          ;
;         4 data inputs ; 25                          ;
;                       ;                             ;
; Max LUT depth         ; 4.40                        ;
; Average LUT depth     ; 2.98                        ;
+-----------------------+-----------------------------+


+-------------------------------+
; Elapsed Time Per Partition    ;
+----------------+--------------+
; Partition Name ; Elapsed Time ;
+----------------+--------------+
; Top            ; 00:00:00     ;
+----------------+--------------+


+-------------------------------+
; Analysis & Synthesis Messages ;
+-------------------------------+
Info: *******************************************************************
Info: Running Quartus Prime Analysis & Synthesis
    Info: Version 23.1std.0 Build 991 11/28/2023 SC Lite Edition
    Info: Processing started: Wed Mar 12 08:37:09 2025
Info: Command: quartus_map --read_settings_files=on --write_settings_files=off Contador -c Contador
Warning (18236): Number of processors has not been specified which may cause overloading on shared machines.  Set the global assignment NUM_PARALLEL_PROCESSORS in your QSF to an appropriate value for best performance.
Info (20030): Parallel compilation is enabled and will use 6 of the 6 processors detected
Info (12021): Found 1 design units, including 1 entities, in source file decoder.v
    Info (12023): Found entity 1: decoder File: C:/Users/gaelm/Desktop/Contador/decoder.v Line: 1
Info (12021): Found 1 design units, including 1 entities, in source file debouncer.v
    Info (12023): Found entity 1: debouncer File: C:/Users/gaelm/Desktop/Contador/debouncer.v Line: 1
Info (12021): Found 1 design units, including 1 entities, in source file counter_debouncer.v
    Info (12023): Found entity 1: counter_debouncer File: C:/Users/gaelm/Desktop/Contador/counter_debouncer.v Line: 1
Info (12021): Found 1 design units, including 1 entities, in source file contador.v
    Info (12023): Found entity 1: contador File: C:/Users/gaelm/Desktop/Contador/contador.v Line: 1
Info (12021): Found 1 design units, including 1 entities, in source file bcd.v
    Info (12023): Found entity 1: BCD File: C:/Users/gaelm/Desktop/Contador/BCD.v Line: 1
Info (12021): Found 1 design units, including 1 entities, in source file clkdiv.v
    Info (12023): Found entity 1: clkdiv File: C:/Users/gaelm/Desktop/Contador/clkdiv.v Line: 1
Info (12021): Found 1 design units, including 1 entities, in source file top_contador.v
    Info (12023): Found entity 1: top_contador File: C:/Users/gaelm/Desktop/Contador/top_contador.v Line: 1
Info (12021): Found 1 design units, including 1 entities, in source file output_files/contador_manual.v
    Info (12023): Found entity 1: contador_manual File: C:/Users/gaelm/Desktop/Contador/output_files/contador_manual.v Line: 1
Info (12021): Found 1 design units, including 1 entities, in source file clkdiv_tb.v
    Info (12023): Found entity 1: clkdiv_tb File: C:/Users/gaelm/Desktop/Contador/clkdiv_tb.v Line: 1
Warning (10236): Verilog HDL Implicit Net warning at top_contador.v(43): created implicit net for "manual" File: C:/Users/gaelm/Desktop/Contador/top_contador.v Line: 43
Info (12127): Elaborating entity "top_contador" for the top level hierarchy
Info (12128): Elaborating entity "debouncer" for hierarchy "debouncer:debouncer_rst" File: C:/Users/gaelm/Desktop/Contador/top_contador.v Line: 22
Info (12128): Elaborating entity "counter_debouncer" for hierarchy "debouncer:debouncer_rst|counter_debouncer:CONTADOR_PARA_RATE" File: C:/Users/gaelm/Desktop/Contador/debouncer.v Line: 17
Warning (10230): Verilog HDL assignment warning at counter_debouncer.v(24): truncated value with size 32 to match size of target (13) File: C:/Users/gaelm/Desktop/Contador/counter_debouncer.v Line: 24
Info (12128): Elaborating entity "clkdiv" for hierarchy "clkdiv:clkdiv_inst" File: C:/Users/gaelm/Desktop/Contador/top_contador.v Line: 28
Info (12128): Elaborating entity "contador" for hierarchy "contador:contador_inst" File: C:/Users/gaelm/Desktop/Contador/top_contador.v Line: 36
Warning (10230): Verilog HDL assignment warning at contador.v(16): truncated value with size 32 to match size of target (4) File: C:/Users/gaelm/Desktop/Contador/contador.v Line: 16
Warning (10230): Verilog HDL assignment warning at contador.v(18): truncated value with size 32 to match size of target (4) File: C:/Users/gaelm/Desktop/Contador/contador.v Line: 18
Warning (10034): Output port "data_in" at contador.v(5) has no driver File: C:/Users/gaelm/Desktop/Contador/contador.v Line: 5
Info (12128): Elaborating entity "contador_manual" for hierarchy "contador_manual:manual_inst" File: C:/Users/gaelm/Desktop/Contador/top_contador.v Line: 41
Info (12128): Elaborating entity "BCD" for hierarchy "BCD:display_inst" File: C:/Users/gaelm/Desktop/Contador/top_contador.v Line: 49
Info (12128): Elaborating entity "decoder" for hierarchy "BCD:display_inst|decoder:DISPLAY1" File: C:/Users/gaelm/Desktop/Contador/BCD.v Line: 12
Warning (12241): 2 hierarchies have connectivity warnings - see the Connectivity Checks report folder
Info (286030): Timing-Driven Synthesis is running
Info (16010): Generating hard_block partition "hard_block:auto_generated_inst"
    Info (16011): Adding 0 node(s), including 0 DDIO, 0 PLL, 0 transceiver and 0 LCELL
Info (21057): Implemented 106 device resources after synthesis - the final resource count might be different
    Info (21058): Implemented 9 input pins
    Info (21059): Implemented 7 output pins
    Info (21061): Implemented 90 logic cells
Info: Quartus Prime Analysis & Synthesis was successful. 0 errors, 7 warnings
    Info: Peak virtual memory: 4795 megabytes
    Info: Processing ended: Wed Mar 12 08:37:17 2025
    Info: Elapsed time: 00:00:08
    Info: Total CPU time (on all processors): 00:00:16


